<?xml version="1.0" encoding="UTF-8"?>
<!-- Generated by org.testng.reporters.JUnitXMLReporter -->
<testsuite ignored="0" hostname="LAPTOP-9F12804G" failures="0" tests="12" name="Login_Inventory" time="107.465" errors="0" timestamp="2024-08-31T11:42:18 IST">
  <testcase classname="testCases.LoginPage_Test_Day4_excelfile" name="LoginApplicationTest" time="1.862"/>
  <testcase classname="testCases.LoginPage_Test_Day4_excelfile" name="verifyTitleOfApplicationTest" time="0.071"/>
  <testcase classname="testCases.LoginPage_Test_Day4_excelfile" name="verifyUrlOfApllicationTest" time="0.051"/>
  <testcase classname="testCases.Inventory_Page_Test_Day4_excelfile" name="addProductTest" time="1.826"/>
  <testcase classname="testCases.Inventory_Page_Test_Day4_excelfile" name="meanuTest" time="0.115"/>
  <testcase classname="testCases.Inventory_Page_Test_Day4_excelfile" name="removecartTest" time="2.409"/>
  <testcase classname="testCases.Inventory_Page_Test_Day4_excelfile" name="veriFyCartOpetionTest" time="6.319"/>
  <testcase classname="testCases.Inventory_Page_Test_Day4_excelfile" name="veriFyLinkidnTest" time="0.076"/>
  <testcase classname="testCases.Inventory_Page_Test_Day4_excelfile" name="verifyCopyTest" time="0.062"/>
  <testcase classname="testCases.Inventory_Page_Test_Day4_excelfile" name="verifyFacebookTest" time="0.047"/>
  <testcase classname="testCases.Inventory_Page_Test_Day4_excelfile" name="verifyProdTitleTest" time="0.04"/>
  <testcase classname="testCases.Inventory_Page_Test_Day4_excelfile" name="vrifyPageTitleTest" time="0.038"/>
</testsuite> <!-- Login_Inventory -->
