<?xml version="1.0" encoding="UTF-8"?>
<!-- Generated by org.testng.reporters.JUnitXMLReporter -->
<testsuite ignored="7" hostname="LAPTOP-9F12804G" failures="0" tests="1" name="Remove_cart_method(failed)" time="15.903" errors="0" timestamp="2024-08-31T11:52:54 IST">
  <testcase classname="testCases.Inventory_Page_Test_Day_4_removecart" name="verifyCopyTest" time="0.067"/>
  <testcase classname="testCases.Inventory_Page_Test_Day_4_removecart" name="removecartTest" time="0.0">
    <ignored/>
  </testcase> <!-- removecartTest -->
  <testcase classname="testCases.Inventory_Page_Test_Day_4_removecart" name="verifyProdTitleTest" time="0.0">
    <ignored/>
  </testcase> <!-- verifyProdTitleTest -->
  <testcase classname="testCases.Inventory_Page_Test_Day_4_removecart" name="vrifyPageTitleTest" time="0.0">
    <ignored/>
  </testcase> <!-- vrifyPageTitleTest -->
  <testcase classname="testCases.Inventory_Page_Test_Day_4_removecart" name="verifyFacebookTest" time="0.0">
    <ignored/>
  </testcase> <!-- verifyFacebookTest -->
  <testcase classname="testCases.Inventory_Page_Test_Day_4_removecart" name="meanuTest" time="0.0">
    <ignored/>
  </testcase> <!-- meanuTest -->
  <testcase classname="testCases.Inventory_Page_Test_Day_4_removecart" name="veriFyLinkidnTest" time="0.0">
    <ignored/>
  </testcase> <!-- veriFyLinkidnTest -->
  <testcase classname="testCases.Inventory_Page_Test_Day_4_removecart" name="addProductTest" time="0.0">
    <ignored/>
  </testcase> <!-- addProductTest -->
</testsuite> <!-- Remove_cart_method(failed) -->
