<?xml version="1.0" encoding="UTF-8"?>
<!-- Generated by org.testng.reporters.JUnitXMLReporter -->
<testsuite ignored="0" hostname="LAPTOP-9F12804G" failures="0" tests="10" name="Inventory_Page" time="264.986" errors="0" timestamp="2024-10-09T10:44:27 IST">
  <testcase classname="testCases.LoginPage_Test" name="LoginApplicationTest" time="0.348"/>
  <testcase classname="testCases.Inventory_Page_Test" name="addProductTest" time="2.356"/>
  <testcase classname="testCases.Inventory_Page_Test" name="meanuTest" time="0.057"/>
  <testcase classname="testCases.Inventory_Page_Test" name="veriFyLinkidnTest" time="0.069"/>
  <testcase classname="testCases.Inventory_Page_Test" name="verifyCopyTest" time="0.03"/>
  <testcase classname="testCases.Inventory_Page_Test" name="verifyFacebookTest" time="0.124"/>
  <testcase classname="testCases.Inventory_Page_Test" name="verifyProdTitleTest" time="0.075"/>
  <testcase classname="testCases.Inventory_Page_Test" name="vrifyPageTitleTest" time="0.035"/>
  <testcase classname="testCases.LoginPage_Test" name="verifyUrlOfApllicationTest" time="0.021"/>
  <testcase classname="testCases.LoginPage_Test" name="verifyTitleOfApplicationTest" time="0.039"/>
</testsuite> <!-- Inventory_Page -->
