<?xml version="1.0" encoding="UTF-8"?>
<!-- Generated by org.testng.reporters.JUnitReportReporter -->
<testsuite hostname="LAPTOP-9F12804G" failures="0" tests="9" name="testCases.Inventory_Page_Test_Day4_excelfile" time="75.747" errors="0" timestamp="2024-08-31T11:42:18 IST" skipped="0">
  <testcase classname="testCases.Inventory_Page_Test_Day4_excelfile" name="meanuTest" time="7.795"/>
  <system-out>
    <![CDATA[The meanu Title isOpen Menu]]>
  </system-out>
  <testcase classname="testCases.Inventory_Page_Test_Day4_excelfile" name="veriFyLinkidnTest" time="6.684"/>
  <system-out>
    <![CDATA[The logo is true]]>
  </system-out>
  <testcase classname="testCases.Inventory_Page_Test_Day4_excelfile" name="addProductTest" time="9.225"/>
  <system-out>
    <![CDATA[The count is 6]]>
  </system-out>
  <testcase classname="testCases.Inventory_Page_Test_Day4_excelfile" name="verifyProdTitleTest" time="7.541"/>
  <system-out>
    <![CDATA[The prod title is Products]]>
  </system-out>
  <testcase classname="testCases.Inventory_Page_Test_Day4_excelfile" name="verifyFacebookTest" time="7.827"/>
  <system-out>
    <![CDATA[The logo is true]]>
  </system-out>
  <testcase classname="testCases.Inventory_Page_Test_Day4_excelfile" name="veriFyCartOpetionTest" time="13.221"/>
  <system-out>
    <![CDATA[The url ishttps://www.saucedemo.com/cart.html]]>
  </system-out>
  <testcase classname="testCases.Inventory_Page_Test_Day4_excelfile" name="removecartTest" time="9.658"/>
  <system-out>
    <![CDATA[The count after removeing item is 4]]>
  </system-out>
  <testcase classname="testCases.Inventory_Page_Test_Day4_excelfile" name="vrifyPageTitleTest" time="7.053"/>
  <system-out>
    <![CDATA[The title is Swag Labs]]>
  </system-out>
  <testcase classname="testCases.Inventory_Page_Test_Day4_excelfile" name="verifyCopyTest" time="6.743"/>
  <system-out>
    <![CDATA[The text is© 2024 Sauce Labs. All Rights Reserved. Terms of Service | Privacy Policy]]>
  </system-out>
</testsuite> <!-- testCases.Inventory_Page_Test_Day4_excelfile -->
