<?xml version="1.0" encoding="UTF-8"?>
<!-- Generated by org.testng.reporters.JUnitReportReporter -->
<testsuite hostname="LAPTOP-9F12804G" failures="0" tests="7" name="testCases.Inventory_Page_Test" time="223.075" errors="0" timestamp="2024-10-09T10:44:27 IST" skipped="0">
  <testcase classname="testCases.Inventory_Page_Test" name="verifyProdTitleTest" time="10.630"/>
  <system-out>
    <![CDATA[The prod title is Products]]>
  </system-out>
  <testcase classname="testCases.Inventory_Page_Test" name="veriFyLinkidnTest" time="10.522"/>
  <system-out>
    <![CDATA[The logo is true]]>
  </system-out>
  <testcase classname="testCases.Inventory_Page_Test" name="verifyCopyTest" time="158.445"/>
  <system-out>
    <![CDATA[The text is© 2024 Sauce Labs. All Rights Reserved. Terms of Service | Privacy Policy]]>
  </system-out>
  <testcase classname="testCases.Inventory_Page_Test" name="meanuTest" time="12.933"/>
  <system-out>
    <![CDATA[The meanu Title isOpen Menu]]>
  </system-out>
  <testcase classname="testCases.Inventory_Page_Test" name="verifyFacebookTest" time="9.483"/>
  <system-out>
    <![CDATA[The logo is true]]>
  </system-out>
  <testcase classname="testCases.Inventory_Page_Test" name="addProductTest" time="12.323"/>
  <system-out>
    <![CDATA[The count is 6]]>
  </system-out>
  <testcase classname="testCases.Inventory_Page_Test" name="vrifyPageTitleTest" time="8.739"/>
  <system-out>
    <![CDATA[The title is Swag Labs]]>
  </system-out>
</testsuite> <!-- testCases.Inventory_Page_Test -->
